2018-01-31 05:51:04 Error: Fatal Error (1): Class 'Panda\Application\Controller\AppController' not found in [C:\www\labs\panda\src\Panda\Application\Controller\PagesController.php, line 29]
Request URL: /
Trace:
Cake\Error\BaseErrorHandler::handleFatalError() - CORE\src\Error\BaseErrorHandler.php, line 223
Cake\Error\BaseErrorHandler::Cake\Error\{closure}() - CORE\src\Error\BaseErrorHandler.php, line 104
[main] - [internal], line ??



2018-01-31 05:51:04 Error: [Cake\Error\FatalErrorException] Class 'Panda\Application\Controller\AppController' not found in C:\www\labs\panda\src\Panda\Application\Controller\PagesController.php on line 29
Request URL: /
Stack Trace:
#0 C:\www\labs\panda\vendor\cakephp\cakephp\src\Error\BaseErrorHandler.php(104): Cake\Error\BaseErrorHandler->handleFatalError(1, 'Class 'Panda\\Ap...', 'C:\\www\\labs\\pan...', 29)
#1 [internal function]: Cake\Error\BaseErrorHandler->Cake\Error\{closure}()
#2 {main}


2018-01-31 05:51:05 Error: Fatal Error (1): Class 'Panda\Application\Controller\AppController' not found in [C:\www\labs\panda\src\Panda\Application\Controller\PagesController.php, line 29]
Request URL: /
Trace:
Cake\Error\BaseErrorHandler::handleFatalError() - CORE\src\Error\BaseErrorHandler.php, line 223
Cake\Error\BaseErrorHandler::Cake\Error\{closure}() - CORE\src\Error\BaseErrorHandler.php, line 104
[main] - [internal], line ??



2018-01-31 05:51:05 Error: [Cake\Error\FatalErrorException] Class 'Panda\Application\Controller\AppController' not found in C:\www\labs\panda\src\Panda\Application\Controller\PagesController.php on line 29
Request URL: /
Stack Trace:
#0 C:\www\labs\panda\vendor\cakephp\cakephp\src\Error\BaseErrorHandler.php(104): Cake\Error\BaseErrorHandler->handleFatalError(1, 'Class 'Panda\\Ap...', 'C:\\www\\labs\\pan...', 29)
#1 [internal function]: Cake\Error\BaseErrorHandler->Cake\Error\{closure}()
#2 {main}


